

Started GET "/" for 181.143.69.114 at 2015-08-04 18:09:22 +0000

Mysql2::Error (Access denied for user 'root'@'localhost' (using password: NO)):
  mysql2 (0.3.16) lib/mysql2/client.rb:70:in `connect'
  mysql2 (0.3.16) lib/mysql2/client.rb:70:in `initialize'
  activerecord (4.1.7) lib/active_record/connection_adapters/mysql2_adapter.rb:18:in `new'
  activerecord (4.1.7) lib/active_record/connection_adapters/mysql2_adapter.rb:18:in `mysql2_connection'
  activerecord (4.1.7) lib/active_record/connection_adapters/abstract/connection_pool.rb:435:in `new_connection'
  activerecord (4.1.7) lib/active_record/connection_adapters/abstract/connection_pool.rb:445:in `checkout_new_connection'
  activerecord (4.1.7) lib/active_record/connection_adapters/abstract/connection_pool.rb:416:in `acquire_connection'
  activerecord (4.1.7) lib/active_record/connection_adapters/abstract/connection_pool.rb:351:in `block in checkout'
  /usr/local/rvm/rubies/ruby-2.1.3/lib/ruby/2.1.0/monitor.rb:211:in `mon_synchronize'
  activerecord (4.1.7) lib/active_record/connection_adapters/abstract/connection_pool.rb:350:in `checkout'
  activerecord (4.1.7) lib/active_record/connection_adapters/abstract/connection_pool.rb:265:in `block in connection'
  /usr/local/rvm/rubies/ruby-2.1.3/lib/ruby/2.1.0/monitor.rb:211:in `mon_synchronize'
  activerecord (4.1.7) lib/active_record/connection_adapters/abstract/connection_pool.rb:264:in `connection'
  activerecord (4.1.7) lib/active_record/connection_adapters/abstract/connection_pool.rb:541:in `retrieve_connection'
  activerecord (4.1.7) lib/active_record/connection_handling.rb:113:in `retrieve_connection'
  activerecord (4.1.7) lib/active_record/connection_handling.rb:87:in `connection'
  activerecord (4.1.7) lib/active_record/migration.rb:388:in `check_pending!'
  activerecord (4.1.7) lib/active_record/migration.rb:377:in `call'
  actionpack (4.1.7) lib/action_dispatch/middleware/callbacks.rb:29:in `block in call'
  activesupport (4.1.7) lib/active_support/callbacks.rb:82:in `run_callbacks'
  actionpack (4.1.7) lib/action_dispatch/middleware/callbacks.rb:27:in `call'
  actionpack (4.1.7) lib/action_dispatch/middleware/reloader.rb:73:in `call'
  actionpack (4.1.7) lib/action_dispatch/middleware/remote_ip.rb:76:in `call'
  actionpack (4.1.7) lib/action_dispatch/middleware/debug_exceptions.rb:17:in `call'
  actionpack (4.1.7) lib/action_dispatch/middleware/show_exceptions.rb:30:in `call'
  railties (4.1.7) lib/rails/rack/logger.rb:38:in `call_app'
  railties (4.1.7) lib/rails/rack/logger.rb:20:in `block in call'
  activesupport (4.1.7) lib/active_support/tagged_logging.rb:68:in `block in tagged'
  activesupport (4.1.7) lib/active_support/tagged_logging.rb:26:in `tagged'
  activesupport (4.1.7) lib/active_support/tagged_logging.rb:68:in `tagged'
  railties (4.1.7) lib/rails/rack/logger.rb:20:in `call'
  quiet_assets (1.1.0) lib/quiet_assets.rb:27:in `call_with_quiet_assets'
  actionpack (4.1.7) lib/action_dispatch/middleware/request_id.rb:21:in `call'
  rack (1.5.2) lib/rack/methodoverride.rb:21:in `call'
  rack (1.5.2) lib/rack/runtime.rb:17:in `call'
  activesupport (4.1.7) lib/active_support/cache/strategy/local_cache_middleware.rb:26:in `call'
  rack (1.5.2) lib/rack/lock.rb:17:in `call'
  actionpack (4.1.7) lib/action_dispatch/middleware/static.rb:84:in `call'
  rack (1.5.2) lib/rack/sendfile.rb:112:in `call'
  railties (4.1.7) lib/rails/engine.rb:514:in `call'
  railties (4.1.7) lib/rails/application.rb:144:in `call'
  rack (1.5.2) lib/rack/lock.rb:17:in `call'
  rack (1.5.2) lib/rack/content_length.rb:14:in `call'
  rack (1.5.2) lib/rack/handler/webrick.rb:60:in `service'
  /usr/local/rvm/rubies/ruby-2.1.3/lib/ruby/2.1.0/webrick/httpserver.rb:138:in `service'
  /usr/local/rvm/rubies/ruby-2.1.3/lib/ruby/2.1.0/webrick/httpserver.rb:94:in `run'
  /usr/local/rvm/rubies/ruby-2.1.3/lib/ruby/2.1.0/webrick/server.rb:295:in `block in start_thread'


  Rendered /usr/local/rvm/gems/ruby-2.1.3/gems/actionpack-4.1.7/lib/action_dispatch/middleware/templates/rescues/_source.erb (0.9ms)
  Rendered /usr/local/rvm/gems/ruby-2.1.3/gems/actionpack-4.1.7/lib/action_dispatch/middleware/templates/rescues/_trace.html.erb (2.2ms)
  Rendered /usr/local/rvm/gems/ruby-2.1.3/gems/actionpack-4.1.7/lib/action_dispatch/middleware/templates/rescues/_request_and_response.html.erb (2.3ms)
  Rendered /usr/local/rvm/gems/ruby-2.1.3/gems/actionpack-4.1.7/lib/action_dispatch/middleware/templates/rescues/diagnostics.erb within rescues/layout (21.5ms)


Started GET "/" for 181.143.69.114 at 2015-08-04 18:10:53 +0000
  [1m[36mActiveRecord::SchemaMigration Load (0.6ms)[0m  [1mSELECT `schema_migrations`.* FROM `schema_migrations`[0m
Processing by PagesController#index as HTML
  [1m[35mHouse Load (0.6ms)[0m  SELECT `houses`.* FROM `houses`
  Rendered pages/index.html.erb within layouts/index (15.9ms)
  [1m[36mTypeTruck Load (0.6ms)[0m  [1mSELECT `type_trucks`.* FROM `type_trucks`[0m
  [1m[35mBrandTruck Load (1.1ms)[0m  SELECT `brand_trucks`.* FROM `brand_trucks`   ORDER BY `brand_trucks`.`name` ASC
  [1m[36mState Load (0.5ms)[0m  [1mSELECT `states`.* FROM `states`   ORDER BY name ASC, `states`.`id` ASC[0m
  [1m[35mBrandExtra Load (0.4ms)[0m  SELECT `brand_extras`.* FROM `brand_extras`   ORDER BY `brand_extras`.`id` ASC
  [1m[36mState Load (0.3ms)[0m  [1mSELECT `states`.* FROM `states`   ORDER BY name ASC[0m
  [1m[35mTypeService Load (0.3ms)[0m  SELECT `type_services`.* FROM `type_services`   ORDER BY `type_services`.`id` ASC
  [1m[36mCACHE (0.0ms)[0m  [1mSELECT `states`.* FROM `states`   ORDER BY name ASC[0m
  Rendered includes/_menu.erb (73.8ms)
  Rendered includes/_footer.erb (0.9ms)
Completed 200 OK in 1442ms (Views: 1405.4ms | ActiveRecord: 10.8ms)


Started GET "/images/close.png" for 181.143.69.114 at 2015-08-04 18:10:56 +0000

ActionController::RoutingError (No route matches [GET] "/images/close.png"):
  actionpack (4.1.7) lib/action_dispatch/middleware/debug_exceptions.rb:21:in `call'
  actionpack (4.1.7) lib/action_dispatch/middleware/show_exceptions.rb:30:in `call'
  railties (4.1.7) lib/rails/rack/logger.rb:38:in `call_app'
  railties (4.1.7) lib/rails/rack/logger.rb:20:in `block in call'
  activesupport (4.1.7) lib/active_support/tagged_logging.rb:68:in `block in tagged'
  activesupport (4.1.7) lib/active_support/tagged_logging.rb:26:in `tagged'
  activesupport (4.1.7) lib/active_support/tagged_logging.rb:68:in `tagged'
  railties (4.1.7) lib/rails/rack/logger.rb:20:in `call'
  quiet_assets (1.1.0) lib/quiet_assets.rb:27:in `call_with_quiet_assets'
  actionpack (4.1.7) lib/action_dispatch/middleware/request_id.rb:21:in `call'
  rack (1.5.2) lib/rack/methodoverride.rb:21:in `call'
  rack (1.5.2) lib/rack/runtime.rb:17:in `call'
  activesupport (4.1.7) lib/active_support/cache/strategy/local_cache_middleware.rb:26:in `call'
  rack (1.5.2) lib/rack/lock.rb:17:in `call'
  actionpack (4.1.7) lib/action_dispatch/middleware/static.rb:84:in `call'
  rack (1.5.2) lib/rack/sendfile.rb:112:in `call'
  railties (4.1.7) lib/rails/engine.rb:514:in `call'
  railties (4.1.7) lib/rails/application.rb:144:in `call'
  rack (1.5.2) lib/rack/lock.rb:17:in `call'
  rack (1.5.2) lib/rack/content_length.rb:14:in `call'
  rack (1.5.2) lib/rack/handler/webrick.rb:60:in `service'
  /usr/local/rvm/rubies/ruby-2.1.3/lib/ruby/2.1.0/webrick/httpserver.rb:138:in `service'
  /usr/local/rvm/rubies/ruby-2.1.3/lib/ruby/2.1.0/webrick/httpserver.rb:94:in `run'
  /usr/local/rvm/rubies/ruby-2.1.3/lib/ruby/2.1.0/webrick/server.rb:295:in `block in start_thread'


  Rendered /usr/local/rvm/gems/ruby-2.1.3/gems/actionpack-4.1.7/lib/action_dispatch/middleware/templates/rescues/_trace.html.erb (1.2ms)
  Rendered /usr/local/rvm/gems/ruby-2.1.3/gems/actionpack-4.1.7/lib/action_dispatch/middleware/templates/routes/_route.html.erb (28.6ms)
  Rendered /usr/local/rvm/gems/ruby-2.1.3/gems/actionpack-4.1.7/lib/action_dispatch/middleware/templates/routes/_table.html.erb (4.8ms)
  Rendered /usr/local/rvm/gems/ruby-2.1.3/gems/actionpack-4.1.7/lib/action_dispatch/middleware/templates/rescues/routing_error.html.erb within rescues/layout (184.0ms)


Started GET "/images/loading.gif" for 181.143.69.114 at 2015-08-04 18:10:56 +0000

ActionController::RoutingError (No route matches [GET] "/images/loading.gif"):
  actionpack (4.1.7) lib/action_dispatch/middleware/debug_exceptions.rb:21:in `call'
  actionpack (4.1.7) lib/action_dispatch/middleware/show_exceptions.rb:30:in `call'
  railties (4.1.7) lib/rails/rack/logger.rb:38:in `call_app'
  railties (4.1.7) lib/rails/rack/logger.rb:20:in `block in call'
  activesupport (4.1.7) lib/active_support/tagged_logging.rb:68:in `block in tagged'
  activesupport (4.1.7) lib/active_support/tagged_logging.rb:26:in `tagged'
  activesupport (4.1.7) lib/active_support/tagged_logging.rb:68:in `tagged'
  railties (4.1.7) lib/rails/rack/logger.rb:20:in `call'
  quiet_assets (1.1.0) lib/quiet_assets.rb:27:in `call_with_quiet_assets'
  actionpack (4.1.7) lib/action_dispatch/middleware/request_id.rb:21:in `call'
  rack (1.5.2) lib/rack/methodoverride.rb:21:in `call'
  rack (1.5.2) lib/rack/runtime.rb:17:in `call'
  activesupport (4.1.7) lib/active_support/cache/strategy/local_cache_middleware.rb:26:in `call'
  rack (1.5.2) lib/rack/lock.rb:17:in `call'
  actionpack (4.1.7) lib/action_dispatch/middleware/static.rb:84:in `call'
  rack (1.5.2) lib/rack/sendfile.rb:112:in `call'
  railties (4.1.7) lib/rails/engine.rb:514:in `call'
  railties (4.1.7) lib/rails/application.rb:144:in `call'
  rack (1.5.2) lib/rack/lock.rb:17:in `call'
  rack (1.5.2) lib/rack/content_length.rb:14:in `call'
  rack (1.5.2) lib/rack/handler/webrick.rb:60:in `service'
  /usr/local/rvm/rubies/ruby-2.1.3/lib/ruby/2.1.0/webrick/httpserver.rb:138:in `service'
  /usr/local/rvm/rubies/ruby-2.1.3/lib/ruby/2.1.0/webrick/httpserver.rb:94:in `run'
  /usr/local/rvm/rubies/ruby-2.1.3/lib/ruby/2.1.0/webrick/server.rb:295:in `block in start_thread'


  Rendered /usr/local/rvm/gems/ruby-2.1.3/gems/actionpack-4.1.7/lib/action_dispatch/middleware/templates/rescues/_trace.html.erb (1.0ms)
  Rendered /usr/local/rvm/gems/ruby-2.1.3/gems/actionpack-4.1.7/lib/action_dispatch/middleware/templates/routes/_route.html.erb (32.8ms)
  Rendered /usr/local/rvm/gems/ruby-2.1.3/gems/actionpack-4.1.7/lib/action_dispatch/middleware/templates/routes/_table.html.erb (2.3ms)
  Rendered /usr/local/rvm/gems/ruby-2.1.3/gems/actionpack-4.1.7/lib/action_dispatch/middleware/templates/rescues/routing_error.html.erb within rescues/layout (151.8ms)


Started GET "/images/prev.png" for 181.143.69.114 at 2015-08-04 18:10:56 +0000

ActionController::RoutingError (No route matches [GET] "/images/prev.png"):
  actionpack (4.1.7) lib/action_dispatch/middleware/debug_exceptions.rb:21:in `call'
  actionpack (4.1.7) lib/action_dispatch/middleware/show_exceptions.rb:30:in `call'
  railties (4.1.7) lib/rails/rack/logger.rb:38:in `call_app'
  railties (4.1.7) lib/rails/rack/logger.rb:20:in `block in call'
  activesupport (4.1.7) lib/active_support/tagged_logging.rb:68:in `block in tagged'
  activesupport (4.1.7) lib/active_support/tagged_logging.rb:26:in `tagged'
  activesupport (4.1.7) lib/active_support/tagged_logging.rb:68:in `tagged'
  railties (4.1.7) lib/rails/rack/logger.rb:20:in `call'
  quiet_assets (1.1.0) lib/quiet_assets.rb:27:in `call_with_quiet_assets'
  actionpack (4.1.7) lib/action_dispatch/middleware/request_id.rb:21:in `call'
  rack (1.5.2) lib/rack/methodoverride.rb:21:in `call'
  rack (1.5.2) lib/rack/runtime.rb:17:in `call'
  activesupport (4.1.7) lib/active_support/cache/strategy/local_cache_middleware.rb:26:in `call'
  rack (1.5.2) lib/rack/lock.rb:17:in `call'
  actionpack (4.1.7) lib/action_dispatch/middleware/static.rb:84:in `call'
  rack (1.5.2) lib/rack/sendfile.rb:112:in `call'
  railties (4.1.7) lib/rails/engine.rb:514:in `call'
  railties (4.1.7) lib/rails/application.rb:144:in `call'
  rack (1.5.2) lib/rack/lock.rb:17:in `call'
  rack (1.5.2) lib/rack/content_length.rb:14:in `call'
  rack (1.5.2) lib/rack/handler/webrick.rb:60:in `service'
  /usr/local/rvm/rubies/ruby-2.1.3/lib/ruby/2.1.0/webrick/httpserver.rb:138:in `service'
  /usr/local/rvm/rubies/ruby-2.1.3/lib/ruby/2.1.0/webrick/httpserver.rb:94:in `run'
  /usr/local/rvm/rubies/ruby-2.1.3/lib/ruby/2.1.0/webrick/server.rb:295:in `block in start_thread'


  Rendered /usr/local/rvm/gems/ruby-2.1.3/gems/actionpack-4.1.7/lib/action_dispatch/middleware/templates/rescues/_trace.html.erb (1.4ms)
  Rendered /usr/local/rvm/gems/ruby-2.1.3/gems/actionpack-4.1.7/lib/action_dispatch/middleware/templates/routes/_route.html.erb (23.5ms)
  Rendered /usr/local/rvm/gems/ruby-2.1.3/gems/actionpack-4.1.7/lib/action_dispatch/middleware/templates/routes/_table.html.erb (1.6ms)
  Rendered /usr/local/rvm/gems/ruby-2.1.3/gems/actionpack-4.1.7/lib/action_dispatch/middleware/templates/rescues/routing_error.html.erb within rescues/layout (130.0ms)


Started GET "/images/next.png" for 181.143.69.114 at 2015-08-04 18:10:56 +0000

ActionController::RoutingError (No route matches [GET] "/images/next.png"):
  actionpack (4.1.7) lib/action_dispatch/middleware/debug_exceptions.rb:21:in `call'
  actionpack (4.1.7) lib/action_dispatch/middleware/show_exceptions.rb:30:in `call'
  railties (4.1.7) lib/rails/rack/logger.rb:38:in `call_app'
  railties (4.1.7) lib/rails/rack/logger.rb:20:in `block in call'
  activesupport (4.1.7) lib/active_support/tagged_logging.rb:68:in `block in tagged'
  activesupport (4.1.7) lib/active_support/tagged_logging.rb:26:in `tagged'
  activesupport (4.1.7) lib/active_support/tagged_logging.rb:68:in `tagged'
  railties (4.1.7) lib/rails/rack/logger.rb:20:in `call'
  quiet_assets (1.1.0) lib/quiet_assets.rb:27:in `call_with_quiet_assets'
  actionpack (4.1.7) lib/action_dispatch/middleware/request_id.rb:21:in `call'
  rack (1.5.2) lib/rack/methodoverride.rb:21:in `call'
  rack (1.5.2) lib/rack/runtime.rb:17:in `call'
  activesupport (4.1.7) lib/active_support/cache/strategy/local_cache_middleware.rb:26:in `call'
  rack (1.5.2) lib/rack/lock.rb:17:in `call'
  actionpack (4.1.7) lib/action_dispatch/middleware/static.rb:84:in `call'
  rack (1.5.2) lib/rack/sendfile.rb:112:in `call'
  railties (4.1.7) lib/rails/engine.rb:514:in `call'
  railties (4.1.7) lib/rails/application.rb:144:in `call'
  rack (1.5.2) lib/rack/lock.rb:17:in `call'
  rack (1.5.2) lib/rack/content_length.rb:14:in `call'
  rack (1.5.2) lib/rack/handler/webrick.rb:60:in `service'
  /usr/local/rvm/rubies/ruby-2.1.3/lib/ruby/2.1.0/webrick/httpserver.rb:138:in `service'
  /usr/local/rvm/rubies/ruby-2.1.3/lib/ruby/2.1.0/webrick/httpserver.rb:94:in `run'
  /usr/local/rvm/rubies/ruby-2.1.3/lib/ruby/2.1.0/webrick/server.rb:295:in `block in start_thread'


  Rendered /usr/local/rvm/gems/ruby-2.1.3/gems/actionpack-4.1.7/lib/action_dispatch/middleware/templates/rescues/_trace.html.erb (1.1ms)
  Rendered /usr/local/rvm/gems/ruby-2.1.3/gems/actionpack-4.1.7/lib/action_dispatch/middleware/templates/routes/_route.html.erb (30.9ms)
  Rendered /usr/local/rvm/gems/ruby-2.1.3/gems/actionpack-4.1.7/lib/action_dispatch/middleware/templates/routes/_table.html.erb (1.9ms)
  Rendered /usr/local/rvm/gems/ruby-2.1.3/gems/actionpack-4.1.7/lib/action_dispatch/middleware/templates/rescues/routing_error.html.erb within rescues/layout (138.8ms)
  [1m[36mActiveRecord::SchemaMigration Load (0.3ms)[0m  [1mSELECT `schema_migrations`.* FROM `schema_migrations`[0m
  [1m[35mActiveRecord::SchemaMigration Load (0.1ms)[0m  SELECT `schema_migrations`.* FROM `schema_migrations`


Started GET "/" for 181.143.69.114 at 2015-08-05 19:40:57 +0000
  [1m[36mActiveRecord::SchemaMigration Load (2.2ms)[0m  [1mSELECT `schema_migrations`.* FROM `schema_migrations`[0m
Processing by PagesController#index as HTML
  [1m[35mHouse Load (0.3ms)[0m  SELECT `houses`.* FROM `houses`
  Rendered pages/index.html.erb within layouts/index (18.0ms)
  [1m[36mTypeTruck Load (0.2ms)[0m  [1mSELECT `type_trucks`.* FROM `type_trucks`[0m
  [1m[35mBrandTruck Load (0.2ms)[0m  SELECT `brand_trucks`.* FROM `brand_trucks`   ORDER BY `brand_trucks`.`name` ASC
  [1m[36mState Load (0.2ms)[0m  [1mSELECT `states`.* FROM `states`   ORDER BY name ASC, `states`.`id` ASC[0m
  [1m[35mBrandExtra Load (0.2ms)[0m  SELECT `brand_extras`.* FROM `brand_extras`   ORDER BY `brand_extras`.`id` ASC
  [1m[36mState Load (0.2ms)[0m  [1mSELECT `states`.* FROM `states`   ORDER BY name ASC[0m
  [1m[35mTypeService Load (0.1ms)[0m  SELECT `type_services`.* FROM `type_services`   ORDER BY `type_services`.`id` ASC
  [1m[36mCACHE (0.0ms)[0m  [1mSELECT `states`.* FROM `states`   ORDER BY name ASC[0m
  Rendered includes/_menu.erb (74.7ms)
  Rendered includes/_footer.erb (0.8ms)
Completed 200 OK in 201ms (Views: 166.2ms | ActiveRecord: 9.0ms)


Started GET "/images/close.png" for 181.143.69.114 at 2015-08-05 19:40:59 +0000

ActionController::RoutingError (No route matches [GET] "/images/close.png"):
  actionpack (4.1.7) lib/action_dispatch/middleware/debug_exceptions.rb:21:in `call'
  actionpack (4.1.7) lib/action_dispatch/middleware/show_exceptions.rb:30:in `call'
  railties (4.1.7) lib/rails/rack/logger.rb:38:in `call_app'
  railties (4.1.7) lib/rails/rack/logger.rb:20:in `block in call'
  activesupport (4.1.7) lib/active_support/tagged_logging.rb:68:in `block in tagged'
  activesupport (4.1.7) lib/active_support/tagged_logging.rb:26:in `tagged'
  activesupport (4.1.7) lib/active_support/tagged_logging.rb:68:in `tagged'
  railties (4.1.7) lib/rails/rack/logger.rb:20:in `call'
  quiet_assets (1.1.0) lib/quiet_assets.rb:27:in `call_with_quiet_assets'
  actionpack (4.1.7) lib/action_dispatch/middleware/request_id.rb:21:in `call'
  rack (1.5.2) lib/rack/methodoverride.rb:21:in `call'
  rack (1.5.2) lib/rack/runtime.rb:17:in `call'
  activesupport (4.1.7) lib/active_support/cache/strategy/local_cache_middleware.rb:26:in `call'
  rack (1.5.2) lib/rack/lock.rb:17:in `call'
  actionpack (4.1.7) lib/action_dispatch/middleware/static.rb:84:in `call'
  rack (1.5.2) lib/rack/sendfile.rb:112:in `call'
  railties (4.1.7) lib/rails/engine.rb:514:in `call'
  railties (4.1.7) lib/rails/application.rb:144:in `call'
  rack (1.5.2) lib/rack/lock.rb:17:in `call'
  rack (1.5.2) lib/rack/content_length.rb:14:in `call'
  rack (1.5.2) lib/rack/handler/webrick.rb:60:in `service'
  /usr/local/rvm/rubies/ruby-2.1.3/lib/ruby/2.1.0/webrick/httpserver.rb:138:in `service'
  /usr/local/rvm/rubies/ruby-2.1.3/lib/ruby/2.1.0/webrick/httpserver.rb:94:in `run'
  /usr/local/rvm/rubies/ruby-2.1.3/lib/ruby/2.1.0/webrick/server.rb:295:in `block in start_thread'


  Rendered /usr/local/rvm/gems/ruby-2.1.3/gems/actionpack-4.1.7/lib/action_dispatch/middleware/templates/rescues/_trace.html.erb (1.5ms)
  Rendered /usr/local/rvm/gems/ruby-2.1.3/gems/actionpack-4.1.7/lib/action_dispatch/middleware/templates/routes/_route.html.erb (39.4ms)
  Rendered /usr/local/rvm/gems/ruby-2.1.3/gems/actionpack-4.1.7/lib/action_dispatch/middleware/templates/routes/_table.html.erb (10.2ms)
  Rendered /usr/local/rvm/gems/ruby-2.1.3/gems/actionpack-4.1.7/lib/action_dispatch/middleware/templates/rescues/routing_error.html.erb within rescues/layout (276.5ms)


Started GET "/images/loading.gif" for 181.143.69.114 at 2015-08-05 19:40:59 +0000

ActionController::RoutingError (No route matches [GET] "/images/loading.gif"):
  actionpack (4.1.7) lib/action_dispatch/middleware/debug_exceptions.rb:21:in `call'
  actionpack (4.1.7) lib/action_dispatch/middleware/show_exceptions.rb:30:in `call'
  railties (4.1.7) lib/rails/rack/logger.rb:38:in `call_app'
  railties (4.1.7) lib/rails/rack/logger.rb:20:in `block in call'
  activesupport (4.1.7) lib/active_support/tagged_logging.rb:68:in `block in tagged'
  activesupport (4.1.7) lib/active_support/tagged_logging.rb:26:in `tagged'
  activesupport (4.1.7) lib/active_support/tagged_logging.rb:68:in `tagged'
  railties (4.1.7) lib/rails/rack/logger.rb:20:in `call'
  quiet_assets (1.1.0) lib/quiet_assets.rb:27:in `call_with_quiet_assets'
  actionpack (4.1.7) lib/action_dispatch/middleware/request_id.rb:21:in `call'
  rack (1.5.2) lib/rack/methodoverride.rb:21:in `call'
  rack (1.5.2) lib/rack/runtime.rb:17:in `call'
  activesupport (4.1.7) lib/active_support/cache/strategy/local_cache_middleware.rb:26:in `call'
  rack (1.5.2) lib/rack/lock.rb:17:in `call'
  actionpack (4.1.7) lib/action_dispatch/middleware/static.rb:84:in `call'
  rack (1.5.2) lib/rack/sendfile.rb:112:in `call'
  railties (4.1.7) lib/rails/engine.rb:514:in `call'
  railties (4.1.7) lib/rails/application.rb:144:in `call'
  rack (1.5.2) lib/rack/lock.rb:17:in `call'
  rack (1.5.2) lib/rack/content_length.rb:14:in `call'
  rack (1.5.2) lib/rack/handler/webrick.rb:60:in `service'
  /usr/local/rvm/rubies/ruby-2.1.3/lib/ruby/2.1.0/webrick/httpserver.rb:138:in `service'
  /usr/local/rvm/rubies/ruby-2.1.3/lib/ruby/2.1.0/webrick/httpserver.rb:94:in `run'
  /usr/local/rvm/rubies/ruby-2.1.3/lib/ruby/2.1.0/webrick/server.rb:295:in `block in start_thread'


  Rendered /usr/local/rvm/gems/ruby-2.1.3/gems/actionpack-4.1.7/lib/action_dispatch/middleware/templates/rescues/_trace.html.erb (1.1ms)
  Rendered /usr/local/rvm/gems/ruby-2.1.3/gems/actionpack-4.1.7/lib/action_dispatch/middleware/templates/routes/_route.html.erb (40.4ms)
  Rendered /usr/local/rvm/gems/ruby-2.1.3/gems/actionpack-4.1.7/lib/action_dispatch/middleware/templates/routes/_table.html.erb (2.2ms)
  Rendered /usr/local/rvm/gems/ruby-2.1.3/gems/actionpack-4.1.7/lib/action_dispatch/middleware/templates/rescues/routing_error.html.erb within rescues/layout (162.1ms)


Started GET "/images/prev.png" for 181.143.69.114 at 2015-08-05 19:41:00 +0000

ActionController::RoutingError (No route matches [GET] "/images/prev.png"):
  actionpack (4.1.7) lib/action_dispatch/middleware/debug_exceptions.rb:21:in `call'
  actionpack (4.1.7) lib/action_dispatch/middleware/show_exceptions.rb:30:in `call'
  railties (4.1.7) lib/rails/rack/logger.rb:38:in `call_app'
  railties (4.1.7) lib/rails/rack/logger.rb:20:in `block in call'
  activesupport (4.1.7) lib/active_support/tagged_logging.rb:68:in `block in tagged'
  activesupport (4.1.7) lib/active_support/tagged_logging.rb:26:in `tagged'
  activesupport (4.1.7) lib/active_support/tagged_logging.rb:68:in `tagged'
  railties (4.1.7) lib/rails/rack/logger.rb:20:in `call'
  quiet_assets (1.1.0) lib/quiet_assets.rb:27:in `call_with_quiet_assets'
  actionpack (4.1.7) lib/action_dispatch/middleware/request_id.rb:21:in `call'
  rack (1.5.2) lib/rack/methodoverride.rb:21:in `call'
  rack (1.5.2) lib/rack/runtime.rb:17:in `call'
  activesupport (4.1.7) lib/active_support/cache/strategy/local_cache_middleware.rb:26:in `call'
  rack (1.5.2) lib/rack/lock.rb:17:in `call'
  actionpack (4.1.7) lib/action_dispatch/middleware/static.rb:84:in `call'
  rack (1.5.2) lib/rack/sendfile.rb:112:in `call'
  railties (4.1.7) lib/rails/engine.rb:514:in `call'
  railties (4.1.7) lib/rails/application.rb:144:in `call'
  rack (1.5.2) lib/rack/lock.rb:17:in `call'
  rack (1.5.2) lib/rack/content_length.rb:14:in `call'
  rack (1.5.2) lib/rack/handler/webrick.rb:60:in `service'
  /usr/local/rvm/rubies/ruby-2.1.3/lib/ruby/2.1.0/webrick/httpserver.rb:138:in `service'
  /usr/local/rvm/rubies/ruby-2.1.3/lib/ruby/2.1.0/webrick/httpserver.rb:94:in `run'
  /usr/local/rvm/rubies/ruby-2.1.3/lib/ruby/2.1.0/webrick/server.rb:295:in `block in start_thread'


  Rendered /usr/local/rvm/gems/ruby-2.1.3/gems/actionpack-4.1.7/lib/action_dispatch/middleware/templates/rescues/_trace.html.erb (1.1ms)
  Rendered /usr/local/rvm/gems/ruby-2.1.3/gems/actionpack-4.1.7/lib/action_dispatch/middleware/templates/routes/_route.html.erb (39.2ms)
  Rendered /usr/local/rvm/gems/ruby-2.1.3/gems/actionpack-4.1.7/lib/action_dispatch/middleware/templates/routes/_table.html.erb (1.7ms)
  Rendered /usr/local/rvm/gems/ruby-2.1.3/gems/actionpack-4.1.7/lib/action_dispatch/middleware/templates/rescues/routing_error.html.erb within rescues/layout (205.7ms)


Started GET "/images/next.png" for 181.143.69.114 at 2015-08-05 19:41:00 +0000

ActionController::RoutingError (No route matches [GET] "/images/next.png"):
  actionpack (4.1.7) lib/action_dispatch/middleware/debug_exceptions.rb:21:in `call'
  actionpack (4.1.7) lib/action_dispatch/middleware/show_exceptions.rb:30:in `call'
  railties (4.1.7) lib/rails/rack/logger.rb:38:in `call_app'
  railties (4.1.7) lib/rails/rack/logger.rb:20:in `block in call'
  activesupport (4.1.7) lib/active_support/tagged_logging.rb:68:in `block in tagged'
  activesupport (4.1.7) lib/active_support/tagged_logging.rb:26:in `tagged'
  activesupport (4.1.7) lib/active_support/tagged_logging.rb:68:in `tagged'
  railties (4.1.7) lib/rails/rack/logger.rb:20:in `call'
  quiet_assets (1.1.0) lib/quiet_assets.rb:27:in `call_with_quiet_assets'
  actionpack (4.1.7) lib/action_dispatch/middleware/request_id.rb:21:in `call'
  rack (1.5.2) lib/rack/methodoverride.rb:21:in `call'
  rack (1.5.2) lib/rack/runtime.rb:17:in `call'
  activesupport (4.1.7) lib/active_support/cache/strategy/local_cache_middleware.rb:26:in `call'
  rack (1.5.2) lib/rack/lock.rb:17:in `call'
  actionpack (4.1.7) lib/action_dispatch/middleware/static.rb:84:in `call'
  rack (1.5.2) lib/rack/sendfile.rb:112:in `call'
  railties (4.1.7) lib/rails/engine.rb:514:in `call'
  railties (4.1.7) lib/rails/application.rb:144:in `call'
  rack (1.5.2) lib/rack/lock.rb:17:in `call'
  rack (1.5.2) lib/rack/content_length.rb:14:in `call'
  rack (1.5.2) lib/rack/handler/webrick.rb:60:in `service'
  /usr/local/rvm/rubies/ruby-2.1.3/lib/ruby/2.1.0/webrick/httpserver.rb:138:in `service'
  /usr/local/rvm/rubies/ruby-2.1.3/lib/ruby/2.1.0/webrick/httpserver.rb:94:in `run'
  /usr/local/rvm/rubies/ruby-2.1.3/lib/ruby/2.1.0/webrick/server.rb:295:in `block in start_thread'


  Rendered /usr/local/rvm/gems/ruby-2.1.3/gems/actionpack-4.1.7/lib/action_dispatch/middleware/templates/rescues/_trace.html.erb (1.2ms)
  Rendered /usr/local/rvm/gems/ruby-2.1.3/gems/actionpack-4.1.7/lib/action_dispatch/middleware/templates/routes/_route.html.erb (33.5ms)
  Rendered /usr/local/rvm/gems/ruby-2.1.3/gems/actionpack-4.1.7/lib/action_dispatch/middleware/templates/routes/_table.html.erb (2.0ms)
  Rendered /usr/local/rvm/gems/ruby-2.1.3/gems/actionpack-4.1.7/lib/action_dispatch/middleware/templates/rescues/routing_error.html.erb within rescues/layout (166.6ms)


Started GET "/busqueda?consulta=dani" for 181.143.69.114 at 2015-08-05 19:41:06 +0000
Processing by PagesController#busqueda as HTML
  Parameters: {"consulta"=>"dani"}
  [1m[35m (0.4ms)[0m  SELECT COUNT(*) FROM `trucks`  WHERE `trucks`.`nombre` = 'dani'
  [1m[36m (0.2ms)[0m  [1mSELECT COUNT(*) FROM `extras`  WHERE `extras`.`name` = 'dani'[0m
  [1m[35m (0.2ms)[0m  SELECT COUNT(*) FROM `services`  WHERE `services`.`name` = 'dani'
  Rendered pages/busqueda.html.erb within layouts/application (21.8ms)
  Rendered includes/_menuint.erb (0.9ms)
  Rendered includes/_footer.erb (0.3ms)
Completed 200 OK in 103ms (Views: 25.2ms | ActiveRecord: 10.6ms)


Started GET "/busqueda?consulta=daniel" for 181.143.69.114 at 2015-08-05 19:41:10 +0000
Processing by PagesController#busqueda as HTML
  Parameters: {"consulta"=>"daniel"}
  [1m[36m (0.7ms)[0m  [1mSELECT COUNT(*) FROM `trucks`  WHERE `trucks`.`nombre` = 'daniel'[0m
  [1m[35mTruck Load (0.5ms)[0m  SELECT `trucks`.* FROM `trucks`  WHERE `trucks`.`nombre` = 'daniel'  ORDER BY `trucks`.`nombre` ASC
  [1m[36mState Load (0.6ms)[0m  [1mSELECT  `states`.* FROM `states`  WHERE `states`.`id` = 1  ORDER BY name ASC LIMIT 1[0m
  [1m[35m (0.5ms)[0m  SELECT COUNT(*) FROM `extras`  WHERE `extras`.`name` = 'daniel'
  [1m[36mExtra Load (0.4ms)[0m  [1mSELECT `extras`.* FROM `extras`  WHERE `extras`.`name` = 'daniel'  ORDER BY `extras`.`name` ASC[0m
  [1m[35mCity Load (0.3ms)[0m  SELECT  `cities`.* FROM `cities`  WHERE `cities`.`id` = 3 LIMIT 1
  [1m[36mCACHE (0.0ms)[0m  [1mSELECT  `states`.* FROM `states`  WHERE `states`.`id` = 1  ORDER BY name ASC LIMIT 1[0m  [["id", 1]]
  [1m[35m (0.4ms)[0m  SELECT COUNT(*) FROM `services`  WHERE `services`.`name` = 'daniel'
  [1m[36mService Load (0.3ms)[0m  [1mSELECT `services`.* FROM `services`  WHERE `services`.`name` = 'daniel'  ORDER BY `services`.`name` ASC[0m
  [1m[35mCity Load (0.5ms)[0m  SELECT  `cities`.* FROM `cities`  WHERE `cities`.`id` = 6 LIMIT 1
  [1m[36mCACHE (0.0ms)[0m  [1mSELECT  `states`.* FROM `states`  WHERE `states`.`id` = 1  ORDER BY name ASC LIMIT 1[0m  [["id", 1]]
  Rendered pages/busqueda.html.erb within layouts/application (220.8ms)
  Rendered includes/_menuint.erb (0.2ms)
  Rendered includes/_footer.erb (0.2ms)
Completed 200 OK in 234ms (Views: 225.7ms | ActiveRecord: 6.5ms)


Started GET "/mi-cuenta" for 181.143.69.114 at 2015-08-05 19:41:14 +0000
Processing by PagesController#micuenta as HTML
  Rendered pages/micuentalogin.html.erb within layouts/devise (2.2ms)
Completed 200 OK in 496ms (Views: 492.1ms | ActiveRecord: 0.0ms)


Started POST "/mi-cuenta" for 181.143.69.114 at 2015-08-05 19:41:24 +0000
Processing by PagesController#micuenta as HTML
  Parameters: {"authenticity_token"=>"Izoe/tfXsczEqYyubdpYQ6R52zKmYXS3ecKRfFfIXhA=", "email"=>"danielpunk4@gmail.com", "clave"=>"danielpunk4@gmail.com"}
  [1m[35m (0.4ms)[0m  SELECT COUNT(*) FROM `customers`  WHERE (email = 'danielpunk4@gmail.com' and clave = 'danielpunk4@gmail.com')
  [1m[36mCustomer Load (0.2ms)[0m  [1mSELECT `customers`.* FROM `customers`  WHERE (email = 'danielpunk4@gmail.com' and clave = 'danielpunk4@gmail.com')[0m
Redirected to http://104.236.210.18:3000/mi-cuenta
Completed 302 Found in 23ms (ActiveRecord: 2.4ms)


Started GET "/mi-cuenta" for 181.143.69.114 at 2015-08-05 19:41:24 +0000
Processing by PagesController#micuenta as HTML
  [1m[35mCustomer Load (0.4ms)[0m  SELECT  `customers`.* FROM `customers`  WHERE `customers`.`id` = 1 LIMIT 1
  [1m[36mCustomer Load (2.2ms)[0m  [1m(SELECT id, nombre, created_at, 1 as tipo FROM trucks WHERE customer_id=1)
UNION
(SELECT id,  name, created_at as nombre, 2 as tipo FROM services WHERE customer_id=1)
UNION
(SELECT id, name, created_at as nombre, 3 as tipo  FROM extras WHERE customer_id=1)
ORDER BY created_at DESC[0m
  [1m[35mOffer Load (0.5ms)[0m  SELECT `offers`.* FROM `offers` INNER JOIN `offercustomers` ON `offers`.`id` = `offercustomers`.`offer_id` WHERE `offercustomers`.`customer_id` = 1
  [1m[36mOffercustomer Load (0.4ms)[0m  [1mSELECT `offercustomers`.* FROM `offercustomers`  WHERE `offercustomers`.`customer_id` = 1[0m
  [1m[35m (0.3ms)[0m  SELECT COUNT(*) FROM `trucks`  WHERE `trucks`.`customer_id` = 1
  [1m[36m (0.2ms)[0m  [1mSELECT COUNT(*) FROM `extras`  WHERE `extras`.`customer_id` = 1[0m
  [1m[35m (0.3ms)[0m  SELECT COUNT(*) FROM `services`  WHERE `services`.`customer_id` = 1
  [1m[36mOffercustomer Load (0.2ms)[0m  [1mSELECT `offercustomers`.* FROM `offercustomers`  WHERE `offercustomers`.`customer_id` = 1[0m
  [1m[35mOffer Load (0.3ms)[0m  SELECT  `offers`.* FROM `offers`  WHERE `offers`.`id` = 1 LIMIT 1
  [1m[36mOffer Load (0.2ms)[0m  [1mSELECT  `offers`.* FROM `offers`  WHERE `offers`.`id` = 2 LIMIT 1[0m
  [1m[35mOffer Load (0.2ms)[0m  SELECT  `offers`.* FROM `offers`  WHERE `offers`.`id` = 3 LIMIT 1
  Rendered pages/micuenta.html.erb within layouts/cliente (64.4ms)
Completed 200 OK in 140ms (Views: 125.2ms | ActiveRecord: 8.5ms)


Started GET "/mi-cuenta/servicios" for 181.143.69.114 at 2015-08-05 19:41:27 +0000
Processing by PagesController#miservicios as HTML
  [1m[36mCustomer Load (0.5ms)[0m  [1mSELECT  `customers`.* FROM `customers`  WHERE `customers`.`id` = 1 LIMIT 1[0m
  [1m[35mOffer Load (0.3ms)[0m  SELECT `offers`.* FROM `offers` INNER JOIN `offercustomers` ON `offers`.`id` = `offercustomers`.`offer_id` WHERE `offercustomers`.`customer_id` = 1
  [1m[36m (0.2ms)[0m  [1mSELECT COUNT(*) FROM `services`  WHERE `services`.`customer_id` = 1[0m
  [1m[35mCACHE (0.0ms)[0m  SELECT COUNT(*) FROM `services`  WHERE `services`.`customer_id` = 1
  [1m[36mService Load (0.8ms)[0m  [1mSELECT `services`.* FROM `services`  WHERE `services`.`customer_id` = 1[0m
  [1m[35mTypeService Load (0.6ms)[0m  SELECT  `type_services`.* FROM `type_services`  WHERE `type_services`.`id` = 4 LIMIT 1
  [1m[36mMessage Load (0.8ms)[0m  [1mSELECT `messages`.* FROM `messages`  WHERE `messages`.`item` = 3 AND `messages`.`tipo` = 3[0m
  Rendered pages/miservicios.html.erb within layouts/cliente (48.4ms)
Completed 200 OK in 66ms (Views: 55.9ms | ActiveRecord: 6.2ms)


Started GET "/mi-cuenta" for 181.143.69.114 at 2015-08-05 19:41:28 +0000
Processing by PagesController#micuenta as HTML
  [1m[35mCustomer Load (0.3ms)[0m  SELECT  `customers`.* FROM `customers`  WHERE `customers`.`id` = 1 LIMIT 1
  [1m[36mCustomer Load (0.2ms)[0m  [1m(SELECT id, nombre, created_at, 1 as tipo FROM trucks WHERE customer_id=1)
UNION
(SELECT id,  name, created_at as nombre, 2 as tipo FROM services WHERE customer_id=1)
UNION
(SELECT id, name, created_at as nombre, 3 as tipo  FROM extras WHERE customer_id=1)
ORDER BY created_at DESC[0m
  [1m[35mOffer Load (0.3ms)[0m  SELECT `offers`.* FROM `offers` INNER JOIN `offercustomers` ON `offers`.`id` = `offercustomers`.`offer_id` WHERE `offercustomers`.`customer_id` = 1
  [1m[36mOffercustomer Load (0.2ms)[0m  [1mSELECT `offercustomers`.* FROM `offercustomers`  WHERE `offercustomers`.`customer_id` = 1[0m
  [1m[35m (0.2ms)[0m  SELECT COUNT(*) FROM `trucks`  WHERE `trucks`.`customer_id` = 1
  [1m[36m (0.2ms)[0m  [1mSELECT COUNT(*) FROM `extras`  WHERE `extras`.`customer_id` = 1[0m
  [1m[35m (0.2ms)[0m  SELECT COUNT(*) FROM `services`  WHERE `services`.`customer_id` = 1
  [1m[36mOffercustomer Load (0.2ms)[0m  [1mSELECT `offercustomers`.* FROM `offercustomers`  WHERE `offercustomers`.`customer_id` = 1[0m
  [1m[35mOffer Load (0.2ms)[0m  SELECT  `offers`.* FROM `offers`  WHERE `offers`.`id` = 1 LIMIT 1
  [1m[36mOffer Load (0.2ms)[0m  [1mSELECT  `offers`.* FROM `offers`  WHERE `offers`.`id` = 2 LIMIT 1[0m
  [1m[35mOffer Load (0.2ms)[0m  SELECT  `offers`.* FROM `offers`  WHERE `offers`.`id` = 3 LIMIT 1
  Rendered pages/micuenta.html.erb within layouts/cliente (26.6ms)
Completed 200 OK in 44ms (Views: 36.6ms | ActiveRecord: 2.4ms)


Started GET "/mi-cuenta/repuestos" for 181.143.69.114 at 2015-08-05 19:41:30 +0000
Processing by PagesController#mirepuestos as HTML
  [1m[36mCustomer Load (0.1ms)[0m  [1mSELECT  `customers`.* FROM `customers`  WHERE `customers`.`id` = 1 LIMIT 1[0m
  [1m[35mOffer Load (0.1ms)[0m  SELECT `offers`.* FROM `offers` INNER JOIN `offercustomers` ON `offers`.`id` = `offercustomers`.`offer_id` WHERE `offercustomers`.`customer_id` = 1
  [1m[36m (0.1ms)[0m  [1mSELECT COUNT(*) FROM `extras`  WHERE `extras`.`customer_id` = 1[0m
  [1m[35mCACHE (0.0ms)[0m  SELECT COUNT(*) FROM `extras`  WHERE `extras`.`customer_id` = 1
  [1m[36mExtra Load (0.4ms)[0m  [1mSELECT `extras`.* FROM `extras`  WHERE `extras`.`customer_id` = 1[0m
  [1m[35mBrandExtra Load (0.2ms)[0m  SELECT  `brand_extras`.* FROM `brand_extras`  WHERE `brand_extras`.`id` = 4 LIMIT 1
  [1m[36mTypeTruck Load (0.2ms)[0m  [1mSELECT  `type_trucks`.* FROM `type_trucks`  WHERE `type_trucks`.`id` = 1 LIMIT 1[0m
  [1m[35mMessage Load (0.2ms)[0m  SELECT `messages`.* FROM `messages`  WHERE `messages`.`item` = 5 AND `messages`.`tipo` = 2
  [1m[36mBrandExtra Load (0.2ms)[0m  [1mSELECT  `brand_extras`.* FROM `brand_extras`  WHERE `brand_extras`.`id` = 2 LIMIT 1[0m
  [1m[35mTypeTruck Load (0.2ms)[0m  SELECT  `type_trucks`.* FROM `type_trucks`  WHERE `type_trucks`.`id` = 4 LIMIT 1
  [1m[36mMessage Load (0.2ms)[0m  [1mSELECT `messages`.* FROM `messages`  WHERE `messages`.`item` = 8 AND `messages`.`tipo` = 2[0m
  Rendered pages/mirepuestos.html.erb within layouts/cliente (16.4ms)
Completed 200 OK in 25ms (Views: 20.5ms | ActiveRecord: 2.1ms)


Started GET "/mi-cuenta" for 181.143.69.114 at 2015-08-05 19:41:31 +0000
Processing by PagesController#micuenta as HTML
  [1m[35mCustomer Load (0.4ms)[0m  SELECT  `customers`.* FROM `customers`  WHERE `customers`.`id` = 1 LIMIT 1
  [1m[36mCustomer Load (0.2ms)[0m  [1m(SELECT id, nombre, created_at, 1 as tipo FROM trucks WHERE customer_id=1)
UNION
(SELECT id,  name, created_at as nombre, 2 as tipo FROM services WHERE customer_id=1)
UNION
(SELECT id, name, created_at as nombre, 3 as tipo  FROM extras WHERE customer_id=1)
ORDER BY created_at DESC[0m
  [1m[35mOffer Load (0.3ms)[0m  SELECT `offers`.* FROM `offers` INNER JOIN `offercustomers` ON `offers`.`id` = `offercustomers`.`offer_id` WHERE `offercustomers`.`customer_id` = 1
  [1m[36mOffercustomer Load (0.2ms)[0m  [1mSELECT `offercustomers`.* FROM `offercustomers`  WHERE `offercustomers`.`customer_id` = 1[0m
  [1m[35m (0.2ms)[0m  SELECT COUNT(*) FROM `trucks`  WHERE `trucks`.`customer_id` = 1
  [1m[36m (0.3ms)[0m  [1mSELECT COUNT(*) FROM `extras`  WHERE `extras`.`customer_id` = 1[0m
  [1m[35m (0.2ms)[0m  SELECT COUNT(*) FROM `services`  WHERE `services`.`customer_id` = 1
  [1m[36mOffercustomer Load (0.3ms)[0m  [1mSELECT `offercustomers`.* FROM `offercustomers`  WHERE `offercustomers`.`customer_id` = 1[0m
  [1m[35mOffer Load (0.3ms)[0m  SELECT  `offers`.* FROM `offers`  WHERE `offers`.`id` = 1 LIMIT 1
  [1m[36mOffer Load (0.3ms)[0m  [1mSELECT  `offers`.* FROM `offers`  WHERE `offers`.`id` = 2 LIMIT 1[0m
  [1m[35mOffer Load (0.3ms)[0m  SELECT  `offers`.* FROM `offers`  WHERE `offers`.`id` = 3 LIMIT 1
  Rendered pages/micuenta.html.erb within layouts/cliente (27.3ms)
Completed 200 OK in 48ms (Views: 38.8ms | ActiveRecord: 3.0ms)


Started GET "/mi-cuenta/camiones" for 181.143.69.114 at 2015-08-05 19:41:32 +0000
Processing by PagesController#micamiones as HTML
  [1m[36mCustomer Load (0.4ms)[0m  [1mSELECT  `customers`.* FROM `customers`  WHERE `customers`.`id` = 1 LIMIT 1[0m
  [1m[35mOffer Load (0.4ms)[0m  SELECT `offers`.* FROM `offers` INNER JOIN `offercustomers` ON `offers`.`id` = `offercustomers`.`offer_id` WHERE `offercustomers`.`customer_id` = 1
  [1m[36m (0.2ms)[0m  [1mSELECT COUNT(*) FROM `trucks`  WHERE `trucks`.`customer_id` = 1[0m
  [1m[35mCACHE (0.0ms)[0m  SELECT COUNT(*) FROM `trucks`  WHERE `trucks`.`customer_id` = 1
  [1m[36mTruck Load (1.2ms)[0m  [1mSELECT `trucks`.* FROM `trucks`  WHERE `trucks`.`customer_id` = 1[0m
  [1m[35mTypeTruck Load (0.8ms)[0m  SELECT  `type_trucks`.* FROM `type_trucks`  WHERE `type_trucks`.`id` = 5 LIMIT 1
  [1m[36mBrandTruck Load (0.8ms)[0m  [1mSELECT  `brand_trucks`.* FROM `brand_trucks`  WHERE `brand_trucks`.`id` = 15 LIMIT 1[0m
  [1m[35mState Load (0.3ms)[0m  SELECT  `states`.* FROM `states`  WHERE `states`.`id` = 1  ORDER BY name ASC LIMIT 1
  [1m[36mMessage Load (1.2ms)[0m  [1mSELECT `messages`.* FROM `messages`  WHERE `messages`.`item` = 2 AND `messages`.`tipo` = 1[0m
  [1m[35mCACHE (0.1ms)[0m  SELECT  `type_trucks`.* FROM `type_trucks`  WHERE `type_trucks`.`id` = 5 LIMIT 1  [["id", 5]]
  [1m[36mBrandTruck Load (0.7ms)[0m  [1mSELECT  `brand_trucks`.* FROM `brand_trucks`  WHERE `brand_trucks`.`id` = 12 LIMIT 1[0m
  [1m[35mState Load (0.5ms)[0m  SELECT  `states`.* FROM `states`  WHERE `states`.`id` = 40  ORDER BY name ASC LIMIT 1
  [1m[36mMessage Load (0.5ms)[0m  [1mSELECT `messages`.* FROM `messages`  WHERE `messages`.`item` = 7 AND `messages`.`tipo` = 1[0m
  [1m[35mTypeTruck Load (0.3ms)[0m  SELECT  `type_trucks`.* FROM `type_trucks`  WHERE `type_trucks`.`id` = 4 LIMIT 1
  [1m[36mBrandTruck Load (0.5ms)[0m  [1mSELECT  `brand_trucks`.* FROM `brand_trucks`  WHERE `brand_trucks`.`id` = 5 LIMIT 1[0m
  [1m[35mCACHE (0.0ms)[0m  SELECT  `states`.* FROM `states`  WHERE `states`.`id` = 1  ORDER BY name ASC LIMIT 1  [["id", 1]]
  [1m[36mMessage Load (0.5ms)[0m  [1mSELECT `messages`.* FROM `messages`  WHERE `messages`.`item` = 18 AND `messages`.`tipo` = 1[0m
  [1m[35mTypeTruck Load (0.5ms)[0m  SELECT  `type_trucks`.* FROM `type_trucks`  WHERE `type_trucks`.`id` = 3 LIMIT 1
  [1m[36mCACHE (0.0ms)[0m  [1mSELECT  `brand_trucks`.* FROM `brand_trucks`  WHERE `brand_trucks`.`id` = 5 LIMIT 1[0m  [["id", 5]]
  [1m[35mCACHE (0.0ms)[0m  SELECT  `states`.* FROM `states`  WHERE `states`.`id` = 1  ORDER BY name ASC LIMIT 1  [["id", 1]]
  [1m[36mMessage Load (0.5ms)[0m  [1mSELECT `messages`.* FROM `messages`  WHERE `messages`.`item` = 23 AND `messages`.`tipo` = 1[0m
  [1m[35mTypeTruck Load (0.2ms)[0m  SELECT `type_trucks`.* FROM `type_trucks`
  Rendered pages/micamiones.html.erb within layouts/cliente (102.1ms)
Completed 200 OK in 120ms (Views: 105.9ms | ActiveRecord: 9.6ms)
  [1m[36mActiveRecord::SchemaMigration Load (0.3ms)[0m  [1mSELECT `schema_migrations`.* FROM `schema_migrations`[0m
  [1m[35mActiveRecord::SchemaMigration Load (0.1ms)[0m  SELECT `schema_migrations`.* FROM `schema_migrations`
