I, [2015-12-17T00:31:38.441200 #16337]  INFO -- : Migrating to CreateTrucks (20150411163843)
I, [2015-12-17T00:31:38.561041 #16337]  INFO -- : Migrating to CreateTypeTrucks (20150411164612)
I, [2015-12-17T00:31:38.661261 #16337]  INFO -- : Migrating to CreateBrandTrucks (20150411164632)
I, [2015-12-17T00:31:38.761779 #16337]  INFO -- : Migrating to DeviseCreateUsers (20150411165919)
I, [2015-12-17T00:31:39.153426 #16337]  INFO -- : Migrating to AddFieldToBrand (20150411181642)
I, [2015-12-17T00:31:39.354483 #16337]  INFO -- : Migrating to AddFieldsToTruck (20150412033141)
I, [2015-12-17T00:31:39.387962 #16337]  INFO -- : Migrating to CreateStates (20150412131616)
I, [2015-12-17T00:31:39.510796 #16337]  INFO -- : Migrating to CreateCities (20150412131640)
I, [2015-12-17T00:31:39.633606 #16337]  INFO -- : Migrating to RenameField (20150412131730)
I, [2015-12-17T00:31:39.836343 #16337]  INFO -- : Migrating to AddColumnstoTruck (20150412135751)
I, [2015-12-17T00:31:40.216490 #16337]  INFO -- : Migrating to AddPriceToTrunk (20150412144305)
I, [2015-12-17T00:31:40.439727 #16337]  INFO -- : Migrating to AddColumnToBrands (20150412162024)
I, [2015-12-17T00:31:40.696795 #16337]  INFO -- : Migrating to ChangeNameToBrands (20150412163427)
I, [2015-12-17T00:31:40.943038 #16337]  INFO -- : Migrating to AddUrlFieldtoTrucksTables (20150412181220)
I, [2015-12-17T00:31:41.681681 #16337]  INFO -- : Migrating to DeleteColumnFromBrand (20150412224216)
I, [2015-12-17T00:31:41.938214 #16337]  INFO -- : Migrating to AddColumnToTrucks (20150412231944)
I, [2015-12-17T00:31:42.162443 #16337]  INFO -- : Migrating to AddFieldToTruck (20150412235549)
I, [2015-12-17T00:31:46.895719 #16337]  INFO -- : Migrating to CreateTypeExtras (20150413011031)
I, [2015-12-17T00:31:46.996423 #16337]  INFO -- : Migrating to CreateBrandExtras (20150413011132)
I, [2015-12-17T00:31:47.096971 #16337]  INFO -- : Migrating to CreateExtras (20150413134151)
I, [2015-12-17T00:31:47.197511 #16337]  INFO -- : Migrating to AddFieldPictureToExtra (20150413141641)
I, [2015-12-17T00:31:54.029338 #16337]  INFO -- : Migrating to CreateTypeServices (20150413160458)
I, [2015-12-17T00:31:54.322571 #16337]  INFO -- : Migrating to UpdateRelation (20150413173656)
I, [2015-12-17T00:31:55.202960 #16337]  INFO -- : Migrating to CreateServices (20150413181136)
I, [2015-12-17T00:31:55.548973 #16337]  INFO -- : Migrating to AddPhoneToServices (20150413182208)
I, [2015-12-17T00:31:56.005460 #16337]  INFO -- : Migrating to AddDefaultValueToServices (20150413183043)
I, [2015-12-17T00:31:56.232776 #16337]  INFO -- : Migrating to AddFieldPictureToService (20150413190520)
I, [2015-12-17T00:32:02.328718 #16337]  INFO -- : Migrating to ChangeTypeColumn (20150413193503)
I, [2015-12-17T00:32:02.952620 #16337]  INFO -- : Migrating to ChangeNameState (20150413193701)
I, [2015-12-17T00:32:03.198464 #16337]  INFO -- : Migrating to AddColumnActive (20150413194141)
I, [2015-12-17T00:32:03.611792 #16337]  INFO -- : Migrating to CreateFieldMatriculaPlaca (20150512032254)
I, [2015-12-17T00:32:04.048948 #16337]  INFO -- : Migrating to CreateColorsTrucks (20150517203325)
I, [2015-12-17T00:32:04.216164 #16337]  INFO -- : Migrating to CreateScrapsTrucks (20150517230932)
I, [2015-12-17T00:32:04.316741 #16337]  INFO -- : Migrating to CreateContractsTrucks (20150517234203)
I, [2015-12-17T00:32:04.439510 #16337]  INFO -- : Migrating to CreateWheelsTrucks (20150518000256)
I, [2015-12-17T00:32:04.656403 #16337]  INFO -- : Migrating to CreateSpacesTrucks (20150518004336)
I, [2015-12-17T00:32:04.925888 #16337]  INFO -- : Migrating to CreateMotorsTrucks (20150518033549)
I, [2015-12-17T00:32:05.079438 #16337]  INFO -- : Migrating to CreateBoxesTrucks (20150518035048)
I, [2015-12-17T00:32:05.180262 #16337]  INFO -- : Migrating to CreateTransmissionsTrucks (20150518041324)
I, [2015-12-17T00:32:05.280447 #16337]  INFO -- : Migrating to AddFieldToCamion (20150518042542)
I, [2015-12-17T00:32:07.336271 #16337]  INFO -- : Migrating to RenameTrucks (20150518045357)
I, [2015-12-17T00:32:08.546693 #16337]  INFO -- : Migrating to CreateCustomers (20150716025839)
I, [2015-12-17T00:32:08.714401 #16337]  INFO -- : Migrating to Changenamefield (20150716033846)
I, [2015-12-17T00:32:08.938115 #16337]  INFO -- : Migrating to AddEstadoToCustomers (20150716034030)
I, [2015-12-17T00:32:09.206062 #16337]  INFO -- : Migrating to CreateOffers (20150716042709)
I, [2015-12-17T00:32:09.384046 #16337]  INFO -- : Migrating to CreateOffercustomers (20150716052715)
I, [2015-12-17T00:32:09.517784 #16337]  INFO -- : Migrating to AddCustomerToTrucks (20150716064842)
I, [2015-12-17T00:32:10.161691 #16337]  INFO -- : Migrating to CreateMessages (20150716102731)
I, [2015-12-17T00:32:10.478065 #16337]  INFO -- : Migrating to CreateSubTrucks (20150722170814)
I, [2015-12-17T00:32:10.689387 #16337]  INFO -- : Migrating to Addfieldtotrucks (20150722181608)
I, [2015-12-17T00:32:11.057532 #16337]  INFO -- : Migrating to CreateBanners (20150722191147)
I, [2015-12-17T00:32:11.180135 #16337]  INFO -- : Migrating to CreateAddpicturetobanners (20150722191702)
I, [2015-12-17T00:32:11.313905 #16337]  INFO -- : Migrating to Addpicturetobanner (20150722191733)
I, [2015-12-17T00:32:12.074994 #16337]  INFO -- : Migrating to Fieldstotrucks (20150723032905)
I, [2015-12-17T00:32:15.555060 #16337]  INFO -- : Migrating to CreateMarcaEquipoHumedos (20150723034512)
I, [2015-12-17T00:32:15.666577 #16337]  INFO -- : Migrating to CreateTipoCarroceria (20150723041055)
I, [2015-12-17T00:32:15.789176 #16337]  INFO -- : Migrating to CreateMarcaCarroceria (20150723042601)
I, [2015-12-17T00:32:16.200474 #16337]  INFO -- : Migrating to CreateMarcaVolcos (20150723045217)
I, [2015-12-17T00:32:16.312319 #16337]  INFO -- : Migrating to CreateReferencia (20150723061405)
I, [2015-12-17T00:32:16.413995 #16337]  INFO -- : Migrating to AddrtypeTruckId (20150723062004)
I, [2015-12-17T00:32:16.648559 #16337]  INFO -- : Migrating to CreateImages (20150803145232)
I, [2015-12-17T00:32:16.704102 #16337]  INFO -- : Migrating to CreateHouses (20150803150316)
I, [2015-12-17T00:32:16.804709 #16337]  INFO -- : Migrating to Addpicturetohouses (20150803150405)
I, [2015-12-17T00:32:17.687764 #16337]  INFO -- : Migrating to AddUrltoBanners (20150810202938)
I, [2015-12-17T00:32:17.721139 #16337]  INFO -- : Migrating to FixReferenciaColumn (20150909202940)
I, [2015-12-17T00:32:18.000981 #16337]  INFO -- : Migrating to AddTypeToOffers (20150913171955)
I, [2015-12-17T00:32:18.223915 #16337]  INFO -- : Migrating to Customerquantities (20150914030253)
I, [2015-12-17T00:32:18.481027 #16337]  INFO -- : Migrating to AddEjesRetractilesToTrucks (20150919212148)
I, [2015-12-17T00:32:18.759625 #16337]  INFO -- : Migrating to AddNamesToUsers (20150920171955)
I, [2015-12-17T00:32:19.196622 #16337]  INFO -- : Migrating to AddColummsIds (20150920171956)
I, [2015-12-17T00:32:20.540365 #16337]  INFO -- : Migrating to AddColummsTokenCustomers (20150921171957)
I, [2015-12-17T00:32:20.764614 #16337]  INFO -- : Migrating to AddColummsStatusUser (20150921171958)
I, [2015-12-17T00:32:21.076831 #16337]  INFO -- : Migrating to AddColummsTokenPassCustomers (20150921171959)
I, [2015-12-17T00:32:21.588184 #16337]  INFO -- : Migrating to AddPhoneToTrucks (20151002022551)
I, [2015-12-17T00:32:21.933721 #16337]  INFO -- : Migrating to AddEmailToTrucks (20151002022721)
I, [2015-12-17T00:32:22.212578 #16337]  INFO -- : Migrating to AddEmailToExtras (20151002022838)
I, [2015-12-17T00:32:22.470191 #16337]  INFO -- : Migrating to AddEmailToServices (20151002022902)
I, [2015-12-17T00:32:22.671080 #16337]  INFO -- : Migrating to AddNitToServices (20151002022903)
I, [2015-12-17T00:32:23.117734 #16337]  INFO -- : Migrating to AddNitToExtras (20151002022904)
I, [2015-12-17T00:32:23.709456 #16337]  INFO -- : Migrating to AddAireAcondicionadoToTrucks (20151004212907)
I, [2015-12-17T00:32:24.033911 #16337]  INFO -- : Migrating to CreateServicesTypeServices (20151005224333)
I, [2015-12-17T00:32:24.570556 #16337]  INFO -- : Migrating to CreateExtrasBrandsExtras (20151005224335)
I, [2015-12-17T00:32:25.186222 #16337]  INFO -- : Migrating to CreateTypeTrucksExtras (20151005224336)
I, [2015-12-17T00:32:26.116495 #16337]  INFO -- : Migrating to CreatePayments (20151208225735)
I, [2015-12-17T00:32:26.463733 #16337]  INFO -- : Migrating to AddTypeCardToPayments (20151208225736)
I, [2015-12-17T00:37:01.693684 #16701]  INFO -- : **************inicio******************
I, [2015-12-17T00:37:01.694130 #16701]  INFO -- : No se encuentran registros
I, [2015-12-17T00:37:01.694440 #16701]  INFO -- : **************************************
I, [2015-12-17T00:38:02.169124 #16777]  INFO -- : **************inicio******************
I, [2015-12-17T00:38:02.169274 #16777]  INFO -- : No se encuentran registros
I, [2015-12-17T00:38:02.169311 #16777]  INFO -- : **************************************
I, [2015-12-17T00:39:01.548423 #16933]  INFO -- : **************inicio******************
I, [2015-12-17T00:39:01.548577 #16933]  INFO -- : No se encuentran registros
I, [2015-12-17T00:39:01.548625 #16933]  INFO -- : **************************************
I, [2015-12-17T00:40:02.025772 #17078]  INFO -- : **************inicio******************
I, [2015-12-17T00:40:02.026048 #17078]  INFO -- : No se encuentran registros
I, [2015-12-17T00:40:02.026097 #17078]  INFO -- : **************************************
I, [2015-12-17T00:41:01.522055 #17170]  INFO -- : **************inicio******************
I, [2015-12-17T00:41:01.522219 #17170]  INFO -- : No se encuentran registros
I, [2015-12-17T00:41:01.522271 #17170]  INFO -- : **************************************
I, [2015-12-17T00:42:02.021012 #17253]  INFO -- : **************inicio******************
I, [2015-12-17T00:42:02.021316 #17253]  INFO -- : No se encuentran registros
I, [2015-12-17T00:42:02.021440 #17253]  INFO -- : **************************************
